<?xml version="1.0" encoding="UTF-8"?>
<!-- Generated by org.testng.reporters.JUnitReportReporter -->
<testsuite hostname="DESKTOP-6CGKMV9" failures="0" tests="1" name="Interview.Test" time="34.842" errors="0" timestamp="2023-02-21T22:21:43 IST" skipped="0">
  <testcase classname="Interview.Test" name="wikipediaDate" time="34.842"/>
  <system-out/>
</testsuite> <!-- Interview.Test -->
