<?xml version="1.0" encoding="UTF-8"?>
<!-- Generated by org.testng.reporters.JUnitReportReporter -->
<testsuite hostname="DESKTOP-6CGKMV9" failures="0" tests="1" name="Test_Class.AmaTest" time="13.359" errors="0" timestamp="2023-03-08T07:36:29 IST" skipped="0">
  <testcase classname="Test_Class.AmaTest" name="Ratings" time="13.359"/>
  <system-out/>
</testsuite> <!-- Test_Class.AmaTest -->
